Using pre-set license
Built from '2022.3/staging' branch; Version is '2022.3.16f1 (d2c21f0ef2f1) revision 13812255'; Using compiler version '192829333'; Build Type 'Release'
OS: 'Windows 10  (10.0.19045) 64bit Professional' Language: 'ko' Physical Memory: 16297 MB
BatchMode: 1, IsHumanControllingUs: 0, StartBugReporterOnCrash: 0, Is64bit: 1, IsPro: 1

COMMAND LINE ARGUMENTS:
C:\Program Files\Unity\Hub\Editor\2022.3.16f1\Editor\Unity.exe
-adb2
-batchMode
-noUpm
-name
AssetImportWorker0
-projectPath
C:/Users/test1/Desktop/Fortress
-logFile
Logs/AssetImportWorker0.log
-srvPort
59090
Successfully changed project path to: C:/Users/test1/Desktop/Fortress
C:/Users/test1/Desktop/Fortress
[UnityMemory] Configuration Parameters - Can be set up in boot.config
    "memorysetup-bucket-allocator-granularity=16"
    "memorysetup-bucket-allocator-bucket-count=8"
    "memorysetup-bucket-allocator-block-size=33554432"
    "memorysetup-bucket-allocator-block-count=8"
    "memorysetup-main-allocator-block-size=16777216"
    "memorysetup-thread-allocator-block-size=16777216"
    "memorysetup-gfx-main-allocator-block-size=16777216"
    "memorysetup-gfx-thread-allocator-block-size=16777216"
    "memorysetup-cache-allocator-block-size=4194304"
    "memorysetup-typetree-allocator-block-size=2097152"
    "memorysetup-profiler-bucket-allocator-granularity=16"
    "memorysetup-profiler-bucket-allocator-bucket-count=8"
    "memorysetup-profiler-bucket-allocator-block-size=33554432"
    "memorysetup-profiler-bucket-allocator-block-count=8"
    "memorysetup-profiler-allocator-block-size=16777216"
    "memorysetup-profiler-editor-allocator-block-size=1048576"
    "memorysetup-temp-allocator-size-main=16777216"
    "memorysetup-job-temp-allocator-block-size=2097152"
    "memorysetup-job-temp-allocator-block-size-background=1048576"
    "memorysetup-job-temp-allocator-reduction-small-platforms=262144"
    "memorysetup-allocator-temp-initial-block-size-main=262144"
    "memorysetup-allocator-temp-initial-block-size-worker=262144"
    "memorysetup-temp-allocator-size-background-worker=32768"
    "memorysetup-temp-allocator-size-job-worker=262144"
    "memorysetup-temp-allocator-size-preload-manager=33554432"
    "memorysetup-temp-allocator-size-nav-mesh-worker=65536"
    "memorysetup-temp-allocator-size-audio-worker=65536"
    "memorysetup-temp-allocator-size-cloud-worker=32768"
    "memorysetup-temp-allocator-size-gi-baking-worker=262144"
    "memorysetup-temp-allocator-size-gfx=262144"
Player connection [8240] Host "[IP] 192.168.123.101 [Port] 0 [Flags] 2 [Guid] 2683808347 [EditorId] 2683808347 [Version] 1048832 [Id] WindowsEditor(7,DESKTOP-HR1V0TP) [Debug] 1 [PackageName] WindowsEditor [ProjectName] Editor" joined multi-casting on [225.0.0.222:54997]...

Player connection [8240] Host "[IP] 192.168.123.101 [Port] 0 [Flags] 2 [Guid] 2683808347 [EditorId] 2683808347 [Version] 1048832 [Id] WindowsEditor(7,DESKTOP-HR1V0TP) [Debug] 1 [PackageName] WindowsEditor [ProjectName] Editor" joined alternative multi-casting on [225.0.0.222:34997]...

[Physics::Module] Initialized MultithreadedJobDispatcher with 7 workers.
Refreshing native plugins compatible for Editor in 7.40 ms, found 3 plugins.
Preloading 0 native plugins for Editor in 0.00 ms.
Initialize engine version: 2022.3.16f1 (d2c21f0ef2f1)
[Subsystems] Discovering subsystems at path C:/Program Files/Unity/Hub/Editor/2022.3.16f1/Editor/Data/Resources/UnitySubsystems
[Subsystems] Discovering subsystems at path C:/Users/test1/Desktop/Fortress/Assets
GfxDevice: creating device client; threaded=0; jobified=0
Direct3D:
    Version:  Direct3D 11.0 [level 11.0]
    Renderer: NVIDIA GeForce GT 730 (ID=0x1287)
    Vendor:   NVIDIA
    VRAM:     4052 MB
    Driver:   30.0.14.7514
Initialize mono
Mono path[0] = 'C:/Program Files/Unity/Hub/Editor/2022.3.16f1/Editor/Data/Managed'
Mono path[1] = 'C:/Program Files/Unity/Hub/Editor/2022.3.16f1/Editor/Data/MonoBleedingEdge/lib/mono/unityjit-win32'
Mono config path = 'C:/Program Files/Unity/Hub/Editor/2022.3.16f1/Editor/Data/MonoBleedingEdge/etc'
Using monoOptions --debugger-agent=transport=dt_socket,embedding=1,server=y,suspend=n,address=127.0.0.1:56200
Begin MonoManager ReloadAssembly
Registering precompiled unity dll's ...
Register platform support module: C:/Program Files/Unity/Hub/Editor/2022.3.16f1/Editor/Data/PlaybackEngines/WebGLSupport/UnityEditor.WebGL.Extensions.dll
Register platform support module: C:/Program Files/Unity/Hub/Editor/2022.3.16f1/Editor/Data/PlaybackEngines/AndroidPlayer/UnityEditor.Android.Extensions.dll
Register platform support module: C:/Program Files/Unity/Hub/Editor/2022.3.16f1/Editor/Data/PlaybackEngines/iOSSupport/UnityEditor.iOS.Extensions.dll
Register platform support module: C:/Program Files/Unity/Hub/Editor/2022.3.16f1/Editor/Data/PlaybackEngines/WindowsStandaloneSupport/UnityEditor.WindowsStandalone.Extensions.dll
Registered in 0.013170 seconds.
- Loaded All Assemblies, in  0.437 seconds
Native extension for WindowsStandalone target not found
Native extension for iOS target not found
Native extension for Android target not found
Android Extension - Scanning For ADB Devices 264 ms
Native extension for WebGL target not found
Mono: successfully reloaded assembly
- Finished resetting the current domain, in  0.696 seconds
Domain Reload Profiling: 1132ms
	BeginReloadAssembly (127ms)
		ExecutionOrderSort (0ms)
		DisableScriptedObjects (0ms)
		BackupInstance (0ms)
		ReleaseScriptingObjects (0ms)
		CreateAndSetChildDomain (1ms)
	RebuildCommonClasses (40ms)
	RebuildNativeTypeToScriptingClass (15ms)
	initialDomainReloadingComplete (70ms)
	LoadAllAssembliesAndSetupDomain (183ms)
		LoadAssemblies (126ms)
		RebuildTransferFunctionScriptingTraits (0ms)
		AnalyzeDomain (180ms)
			TypeCache.Refresh (179ms)
				TypeCache.ScanAssembly (163ms)
			ScanForSourceGeneratedMonoScriptInfo (0ms)
			ResolveRequiredComponents (0ms)
	FinalizeReload (697ms)
		ReleaseScriptCaches (0ms)
		RebuildScriptCaches (0ms)
		SetupLoadedEditorAssemblies (628ms)
			LogAssemblyErrors (0ms)
			InitializePlatformSupportModulesInManaged (410ms)
			SetLoadedEditorAssemblies (4ms)
			RefreshPlugins (0ms)
			BeforeProcessingInitializeOnLoad (3ms)
			ProcessInitializeOnLoadAttributes (158ms)
			ProcessInitializeOnLoadMethodAttributes (52ms)
			AfterProcessingInitializeOnLoad (0ms)
			EditorAssembliesLoaded (0ms)
		ExecutionOrderSort2 (0ms)
		AwakeInstancesAfterBackupRestoration (0ms)
========================================================================
Worker process is ready to serve import requests
Begin MonoManager ReloadAssembly
- Loaded All Assemblies, in  0.779 seconds
Refreshing native plugins compatible for Editor in 3.30 ms, found 3 plugins.
Native extension for WindowsStandalone target not found
Native extension for iOS target not found
Native extension for Android target not found
Native extension for WebGL target not found
Mono: successfully reloaded assembly
- Finished resetting the current domain, in  1.063 seconds
Domain Reload Profiling: 1840ms
	BeginReloadAssembly (174ms)
		ExecutionOrderSort (0ms)
		DisableScriptedObjects (6ms)
		BackupInstance (0ms)
		ReleaseScriptingObjects (0ms)
		CreateAndSetChildDomain (26ms)
	RebuildCommonClasses (50ms)
	RebuildNativeTypeToScriptingClass (13ms)
	initialDomainReloadingComplete (45ms)
	LoadAllAssembliesAndSetupDomain (494ms)
		LoadAssemblies (362ms)
		RebuildTransferFunctionScriptingTraits (0ms)
		AnalyzeDomain (234ms)
			TypeCache.Refresh (208ms)
				TypeCache.ScanAssembly (185ms)
			ScanForSourceGeneratedMonoScriptInfo (21ms)
			ResolveRequiredComponents (4ms)
	FinalizeReload (1064ms)
		ReleaseScriptCaches (0ms)
		RebuildScriptCaches (0ms)
		SetupLoadedEditorAssemblies (745ms)
			LogAssemblyErrors (0ms)
			InitializePlatformSupportModulesInManaged (46ms)
			SetLoadedEditorAssemblies (4ms)
			RefreshPlugins (0ms)
			BeforeProcessingInitializeOnLoad (69ms)
			ProcessInitializeOnLoadAttributes (589ms)
			ProcessInitializeOnLoadMethodAttributes (30ms)
			AfterProcessingInitializeOnLoad (7ms)
			EditorAssembliesLoaded (0ms)
		ExecutionOrderSort2 (0ms)
		AwakeInstancesAfterBackupRestoration (6ms)
Launched and connected shader compiler UnityShaderCompiler.exe after 0.04 seconds
Refreshing native plugins compatible for Editor in 3.08 ms, found 3 plugins.
Preloading 0 native plugins for Editor in 0.00 ms.
Unloading 3125 Unused Serialized files (Serialized files now loaded: 0)
Unloading 33 unused Assets / (68.9 KB). Loaded Objects now: 3589.
Memory consumption went from 133.3 MB to 133.3 MB.
Total: 4.423000 ms (FindLiveObjects: 0.289500 ms CreateObjectMapping: 0.245300 ms MarkObjects: 3.670000 ms  DeleteObjects: 0.217100 ms)

AssetImportParameters requested are different than current active one (requested -> active):
  custom:container-demuxer-ogg: 62fdf1f143b41e24485cea50d1cbac27 -> 
  custom:video-decoder-ogg-theora: a1e56fd34408186e4bbccfd4996cb3dc -> 
  custom:framework-win-MediaFoundation: 216162199b28c13a410421893ffa2e32 -> 
  custom:CustomObjectIndexerAttribute: 43b350a4d6e6d1791af0b5038c4bea17 -> 
  custom:container-demuxer-webm: 4f35f7cbe854078d1ac9338744f61a02 -> 
  custom:container-muxer-webm: aa71ff27fc2769a1b78a27578f13a17b -> 
  custom:video-decoder-webm-vp8: 9c59270c3fd7afecdb556c50c9e8de78 -> 
  custom:SearchIndexIgnoredProperties: e643bd26f0fe6173181afceb89e7c659 -> 
  custom:AudioImporter_EditorPlatform: d09bf68614088b80899f8185d706f6e7 -> 
  custom:video-encoder-webm-vp8: eb34c28f22e8b96e1ab97ce403110664 -> 
  custom:audio-decoder-ogg-vorbis: bf7c407c2cedff20999df2af8eb42d56 -> 
  custom:audio-encoder-webm-vorbis: bf7c407c2cedff20999df2af8eb42d56 -> 
========================================================================
Received Import Request.
  Time since last request: 11604.058469 seconds.
  path: Assets/Nature and Tank Model Pack/Prefabs
  artifactKey: Guid(471b00ff21e2145448236f26db9fa626) Importer(815301076,1909f56bfc062723c751e8b465ee728b)
Start importing Assets/Nature and Tank Model Pack/Prefabs using Guid(471b00ff21e2145448236f26db9fa626) Importer(815301076,1909f56bfc062723c751e8b465ee728b)  -> (artifact id: '5803d253debd3ec1dd651c7622dbabff') in 0.002422 seconds
Number of updated asset objects reloaded before import = 0
Number of asset objects unloaded after import = 0
========================================================================
Received Import Request.
  Time since last request: 0.055961 seconds.
  path: Assets/Nature and Tank Model Pack/Prefabs/box.prefab
  artifactKey: Guid(836714402ce98484e984c27631eaaee7) Importer(815301076,1909f56bfc062723c751e8b465ee728b)
Start importing Assets/Nature and Tank Model Pack/Prefabs/box.prefab using Guid(836714402ce98484e984c27631eaaee7) Importer(815301076,1909f56bfc062723c751e8b465ee728b)  -> (artifact id: '743a5aec3e89b963fb004c075aff4862') in 0.333063 seconds
Number of updated asset objects reloaded before import = 0
Number of asset objects unloaded after import = 9
========================================================================
Received Import Request.
  Time since last request: 0.000028 seconds.
  path: Assets/Nature and Tank Model Pack/Prefabs/plant_007.prefab
  artifactKey: Guid(0abb88c5389144b45913463b49a5af68) Importer(815301076,1909f56bfc062723c751e8b465ee728b)
Start importing Assets/Nature and Tank Model Pack/Prefabs/plant_007.prefab using Guid(0abb88c5389144b45913463b49a5af68) Importer(815301076,1909f56bfc062723c751e8b465ee728b)  -> (artifact id: 'a6bf79a81eb0464fae7f1f79c91348da') in 0.024923 seconds
Number of updated asset objects reloaded before import = 0
Number of asset objects unloaded after import = 9
========================================================================
Received Import Request.
  Time since last request: 0.000022 seconds.
  path: Assets/Nature and Tank Model Pack/Prefabs/cliff_004.prefab
  artifactKey: Guid(061a05c3c1453e34b9e0c0c6aaefa379) Importer(815301076,1909f56bfc062723c751e8b465ee728b)
Start importing Assets/Nature and Tank Model Pack/Prefabs/cliff_004.prefab using Guid(061a05c3c1453e34b9e0c0c6aaefa379) Importer(815301076,1909f56bfc062723c751e8b465ee728b)  -> (artifact id: 'fd356891b4cdb55efc3f6e5ab40799ff') in 0.030307 seconds
Number of updated asset objects reloaded before import = 0
Number of asset objects unloaded after import = 9
========================================================================
Received Import Request.
  Time since last request: 0.000013 seconds.
  path: Assets/Nature and Tank Model Pack/Prefabs/plant_005.prefab
  artifactKey: Guid(7c4fa6efecf74a6429a04e23d2b106ef) Importer(815301076,1909f56bfc062723c751e8b465ee728b)
Start importing Assets/Nature and Tank Model Pack/Prefabs/plant_005.prefab using Guid(7c4fa6efecf74a6429a04e23d2b106ef) Importer(815301076,1909f56bfc062723c751e8b465ee728b)  -> (artifact id: '201bc68597ba60c27ca26d1918502946') in 0.022571 seconds
Number of updated asset objects reloaded before import = 0
Number of asset objects unloaded after import = 9
========================================================================
Received Import Request.
  Time since last request: 0.000022 seconds.
  path: Assets/Nature and Tank Model Pack/Prefabs/plant_011.prefab
  artifactKey: Guid(f046507d5aa417d4b9fcc9ce52f8b225) Importer(815301076,1909f56bfc062723c751e8b465ee728b)
Start importing Assets/Nature and Tank Model Pack/Prefabs/plant_011.prefab using Guid(f046507d5aa417d4b9fcc9ce52f8b225) Importer(815301076,1909f56bfc062723c751e8b465ee728b)  -> (artifact id: '3f86e88454ffc476a1f6121afd0da8f9') in 0.019978 seconds
Number of updated asset objects reloaded before import = 0
Number of asset objects unloaded after import = 9
========================================================================
Received Import Request.
  Time since last request: 0.000017 seconds.
  path: Assets/Nature and Tank Model Pack/Prefabs/cliff_008.prefab
  artifactKey: Guid(9bf0d7b635595764896f280a79faad76) Importer(815301076,1909f56bfc062723c751e8b465ee728b)
Start importing Assets/Nature and Tank Model Pack/Prefabs/cliff_008.prefab using Guid(9bf0d7b635595764896f280a79faad76) Importer(815301076,1909f56bfc062723c751e8b465ee728b)  -> (artifact id: 'efe6eae47e023e7b4b120e6546295057') in 0.017961 seconds
Number of updated asset objects reloaded before import = 0
Number of asset objects unloaded after import = 9
========================================================================
Received Import Request.
  Time since last request: 0.000018 seconds.
  path: Assets/Nature and Tank Model Pack/Prefabs/plant_009.prefab
  artifactKey: Guid(6a8b5f5b3a50c074d818f50548739374) Importer(815301076,1909f56bfc062723c751e8b465ee728b)
Start importing Assets/Nature and Tank Model Pack/Prefabs/plant_009.prefab using Guid(6a8b5f5b3a50c074d818f50548739374) Importer(815301076,1909f56bfc062723c751e8b465ee728b)  -> (artifact id: 'ab19ca0dece84fe20fbc0472e5de87aa') in 0.023161 seconds
Number of updated asset objects reloaded before import = 0
Number of asset objects unloaded after import = 9
========================================================================
Received Import Request.
  Time since last request: 0.000017 seconds.
  path: Assets/Nature and Tank Model Pack/Prefabs/plant_006.prefab
  artifactKey: Guid(1292788ddc778f34791e7bdb5c5ab996) Importer(815301076,1909f56bfc062723c751e8b465ee728b)
Start importing Assets/Nature and Tank Model Pack/Prefabs/plant_006.prefab using Guid(1292788ddc778f34791e7bdb5c5ab996) Importer(815301076,1909f56bfc062723c751e8b465ee728b)  -> (artifact id: 'f57a16ab478ef00e61aa2d92b2f5f604') in 0.020151 seconds
Number of updated asset objects reloaded before import = 0
Number of asset objects unloaded after import = 9
========================================================================
Received Import Request.
  Time since last request: 0.000012 seconds.
  path: Assets/Nature and Tank Model Pack/Prefabs/cliff_009.prefab
  artifactKey: Guid(79e3ba17158d7d24b96a25aa92ae7e23) Importer(815301076,1909f56bfc062723c751e8b465ee728b)
Start importing Assets/Nature and Tank Model Pack/Prefabs/cliff_009.prefab using Guid(79e3ba17158d7d24b96a25aa92ae7e23) Importer(815301076,1909f56bfc062723c751e8b465ee728b)  -> (artifact id: 'cd89c4fb8fe0760be9bee569cf29f6be') in 0.019249 seconds
Number of updated asset objects reloaded before import = 0
Number of asset objects unloaded after import = 9
========================================================================
Received Import Request.
  Time since last request: 0.000016 seconds.
  path: Assets/Nature and Tank Model Pack/Prefabs/ground.prefab
  artifactKey: Guid(2f7f2956c95c593449d0f1e4a42be145) Importer(815301076,1909f56bfc062723c751e8b465ee728b)
Start importing Assets/Nature and Tank Model Pack/Prefabs/ground.prefab using Guid(2f7f2956c95c593449d0f1e4a42be145) Importer(815301076,1909f56bfc062723c751e8b465ee728b)  -> (artifact id: '96ff2cc49c283da24490a931460129e6') in 0.018439 seconds
Number of updated asset objects reloaded before import = 0
Number of asset objects unloaded after import = 9
========================================================================
Received Import Request.
  Time since last request: 0.000017 seconds.
  path: Assets/Nature and Tank Model Pack/Prefabs/plant_002.prefab
  artifactKey: Guid(b9d0807c233784147803983163281d35) Importer(815301076,1909f56bfc062723c751e8b465ee728b)
Start importing Assets/Nature and Tank Model Pack/Prefabs/plant_002.prefab using Guid(b9d0807c233784147803983163281d35) Importer(815301076,1909f56bfc062723c751e8b465ee728b)  -> (artifact id: '4f46dd2ab21f8d2616a81933ac55d284') in 0.020232 seconds
Number of updated asset objects reloaded before import = 0
Number of asset objects unloaded after import = 9
========================================================================
Received Import Request.
  Time since last request: 0.000015 seconds.
  path: Assets/Nature and Tank Model Pack/Prefabs/ground_001.prefab
  artifactKey: Guid(3fa517b8ecdb2e849bf3fa8ffdf79a5b) Importer(815301076,1909f56bfc062723c751e8b465ee728b)
Start importing Assets/Nature and Tank Model Pack/Prefabs/ground_001.prefab using Guid(3fa517b8ecdb2e849bf3fa8ffdf79a5b) Importer(815301076,1909f56bfc062723c751e8b465ee728b)  -> (artifact id: 'c17ea8870409780ce91df73b2b64d6ad') in 0.022454 seconds
Number of updated asset objects reloaded before import = 0
Number of asset objects unloaded after import = 9
========================================================================
Received Import Request.
  Time since last request: 0.000019 seconds.
  path: Assets/Nature and Tank Model Pack/Prefabs/plant_001.prefab
  artifactKey: Guid(9e7e9e9fef8f10841be2c38efd541fd5) Importer(815301076,1909f56bfc062723c751e8b465ee728b)
Start importing Assets/Nature and Tank Model Pack/Prefabs/plant_001.prefab using Guid(9e7e9e9fef8f10841be2c38efd541fd5) Importer(815301076,1909f56bfc062723c751e8b465ee728b)  -> (artifact id: 'ef0c031ebf72f95ada1f0923eb7f9a18') in 0.294480 seconds
Number of updated asset objects reloaded before import = 0
Number of asset objects unloaded after import = 9
========================================================================
Received Import Request.
  Time since last request: 0.409645 seconds.
  path: Assets/Nature and Tank Model Pack/Prefabs/plant_014.prefab
  artifactKey: Guid(d01b9cf4c384a3b43b685e16e790b56b) Importer(815301076,1909f56bfc062723c751e8b465ee728b)
Start importing Assets/Nature and Tank Model Pack/Prefabs/plant_014.prefab using Guid(d01b9cf4c384a3b43b685e16e790b56b) Importer(815301076,1909f56bfc062723c751e8b465ee728b)  -> (artifact id: 'edfeeb2c3761d03658bd1a881215aef2') in 0.017747 seconds
Number of updated asset objects reloaded before import = 0
Number of asset objects unloaded after import = 9
========================================================================
Received Import Request.
  Time since last request: 0.000024 seconds.
  path: Assets/Nature and Tank Model Pack/Prefabs/rock_003.prefab
  artifactKey: Guid(c3bfe9ccea6d92640bd4fcf26ddfc7e2) Importer(815301076,1909f56bfc062723c751e8b465ee728b)
Start importing Assets/Nature and Tank Model Pack/Prefabs/rock_003.prefab using Guid(c3bfe9ccea6d92640bd4fcf26ddfc7e2) Importer(815301076,1909f56bfc062723c751e8b465ee728b)  -> (artifact id: '000b1a879996f61bf4965762009b3d21') in 0.020596 seconds
Number of updated asset objects reloaded before import = 0
Number of asset objects unloaded after import = 9
========================================================================
Received Import Request.
  Time since last request: 0.320255 seconds.
  path: Assets/Nature and Tank Model Pack/Prefabs/rock_004.prefab
  artifactKey: Guid(8926c81eaa232564a96b3a7a84734274) Importer(815301076,1909f56bfc062723c751e8b465ee728b)
Start importing Assets/Nature and Tank Model Pack/Prefabs/rock_004.prefab using Guid(8926c81eaa232564a96b3a7a84734274) Importer(815301076,1909f56bfc062723c751e8b465ee728b)  -> (artifact id: 'caa7b7c7f63a241c8d1e0b62326d969c') in 0.016605 seconds
Number of updated asset objects reloaded before import = 0
Number of asset objects unloaded after import = 9
========================================================================
Received Import Request.
  Time since last request: 0.000024 seconds.
  path: Assets/Nature and Tank Model Pack/Prefabs/rock_006.prefab
  artifactKey: Guid(5614ccdf1f14e0744a1ac31147845660) Importer(815301076,1909f56bfc062723c751e8b465ee728b)
Start importing Assets/Nature and Tank Model Pack/Prefabs/rock_006.prefab using Guid(5614ccdf1f14e0744a1ac31147845660) Importer(815301076,1909f56bfc062723c751e8b465ee728b)  -> (artifact id: '0bc1b0a164f9f590a71b51b8d5277990') in 0.029316 seconds
Number of updated asset objects reloaded before import = 0
Number of asset objects unloaded after import = 9
========================================================================
Received Import Request.
  Time since last request: 0.040587 seconds.
  path: Assets/Nature and Tank Model Pack/Prefabs/rock_009.prefab
  artifactKey: Guid(e61a8dd58c7536b4f9fdd037ab75e2ad) Importer(815301076,1909f56bfc062723c751e8b465ee728b)
Start importing Assets/Nature and Tank Model Pack/Prefabs/rock_009.prefab using Guid(e61a8dd58c7536b4f9fdd037ab75e2ad) Importer(815301076,1909f56bfc062723c751e8b465ee728b)  -> (artifact id: '737dc6ce9c35256731925ef97a912ed3') in 0.020243 seconds
Number of updated asset objects reloaded before import = 0
Number of asset objects unloaded after import = 9
========================================================================
Received Import Request.
  Time since last request: 0.000015 seconds.
  path: Assets/Nature and Tank Model Pack/Prefabs/tank-body_003.prefab
  artifactKey: Guid(e350a24e86e5c284d92aa431ec207e63) Importer(815301076,1909f56bfc062723c751e8b465ee728b)
Start importing Assets/Nature and Tank Model Pack/Prefabs/tank-body_003.prefab using Guid(e350a24e86e5c284d92aa431ec207e63) Importer(815301076,1909f56bfc062723c751e8b465ee728b)  -> (artifact id: 'ee4a6f45948bcfb80d791b228da06573') in 0.030617 seconds
Number of updated asset objects reloaded before import = 0
Number of asset objects unloaded after import = 21
========================================================================
Received Import Request.
  Time since last request: 0.000014 seconds.
  path: Assets/Nature and Tank Model Pack/Prefabs/tank-body_002.prefab
  artifactKey: Guid(3913fba33654f544880adc82db0f4952) Importer(815301076,1909f56bfc062723c751e8b465ee728b)
Start importing Assets/Nature and Tank Model Pack/Prefabs/tank-body_002.prefab using Guid(3913fba33654f544880adc82db0f4952) Importer(815301076,1909f56bfc062723c751e8b465ee728b)  -> (artifact id: '672801560543c88eb8613d957e4d5282') in 0.027710 seconds
Number of updated asset objects reloaded before import = 0
Number of asset objects unloaded after import = 21
========================================================================
Received Import Request.
  Time since last request: 0.000027 seconds.
  path: Assets/Nature and Tank Model Pack/Prefabs/rock_011.prefab
  artifactKey: Guid(c3f219f84649b8c4ab76ca366082715e) Importer(815301076,1909f56bfc062723c751e8b465ee728b)
Start importing Assets/Nature and Tank Model Pack/Prefabs/rock_011.prefab using Guid(c3f219f84649b8c4ab76ca366082715e) Importer(815301076,1909f56bfc062723c751e8b465ee728b)  -> (artifact id: '5c4b5f9d797b7d84fd1d1b2c2e2cb388') in 0.017607 seconds
Number of updated asset objects reloaded before import = 0
Number of asset objects unloaded after import = 9
========================================================================
Received Import Request.
  Time since last request: 0.000014 seconds.
  path: Assets/Nature and Tank Model Pack/Prefabs/tank-body.prefab
  artifactKey: Guid(42ffa74f54a3b5f469196958719230b9) Importer(815301076,1909f56bfc062723c751e8b465ee728b)
Start importing Assets/Nature and Tank Model Pack/Prefabs/tank-body.prefab using Guid(42ffa74f54a3b5f469196958719230b9) Importer(815301076,1909f56bfc062723c751e8b465ee728b)  -> (artifact id: '22bd644ce5055cf3da82989928c7eac3') in 0.033460 seconds
Number of updated asset objects reloaded before import = 0
Number of asset objects unloaded after import = 21
========================================================================
Received Import Request.
  Time since last request: 0.339477 seconds.
  path: Assets/Nature and Tank Model Pack/Prefabs/tree_003.prefab
  artifactKey: Guid(be1eaa72962b8f04c8fb2e72446b9784) Importer(815301076,1909f56bfc062723c751e8b465ee728b)
Start importing Assets/Nature and Tank Model Pack/Prefabs/tree_003.prefab using Guid(be1eaa72962b8f04c8fb2e72446b9784) Importer(815301076,1909f56bfc062723c751e8b465ee728b)  -> (artifact id: 'f8957420312a4243a6dc322508386537') in 0.019017 seconds
Number of updated asset objects reloaded before import = 0
Number of asset objects unloaded after import = 9
========================================================================
Received Import Request.
  Time since last request: 0.000012 seconds.
  path: Assets/Nature and Tank Model Pack/Prefabs/wall_001.prefab
  artifactKey: Guid(0c1fca4fa0ac6474da2abc8ba361fe94) Importer(815301076,1909f56bfc062723c751e8b465ee728b)
Start importing Assets/Nature and Tank Model Pack/Prefabs/wall_001.prefab using Guid(0c1fca4fa0ac6474da2abc8ba361fe94) Importer(815301076,1909f56bfc062723c751e8b465ee728b)  -> (artifact id: '74be60adad6cc1344de6f8c06b02c671') in 0.019303 seconds
Number of updated asset objects reloaded before import = 0
Number of asset objects unloaded after import = 9
========================================================================
Received Import Request.
  Time since last request: 0.000014 seconds.
  path: Assets/Nature and Tank Model Pack/Prefabs/wall_003.prefab
  artifactKey: Guid(a99a7f08ef7a5f44b852e04846550b89) Importer(815301076,1909f56bfc062723c751e8b465ee728b)
Start importing Assets/Nature and Tank Model Pack/Prefabs/wall_003.prefab using Guid(a99a7f08ef7a5f44b852e04846550b89) Importer(815301076,1909f56bfc062723c751e8b465ee728b)  -> (artifact id: '43c49d48800ef0408d977389a2a729df') in 0.031099 seconds
Number of updated asset objects reloaded before import = 0
Number of asset objects unloaded after import = 9
========================================================================
Received Import Request.
  Time since last request: 0.000013 seconds.
  path: Assets/Nature and Tank Model Pack/Prefabs/wall_004.prefab
  artifactKey: Guid(e69e5950cf8339c4b96725344c7bdd30) Importer(815301076,1909f56bfc062723c751e8b465ee728b)
Start importing Assets/Nature and Tank Model Pack/Prefabs/wall_004.prefab using Guid(e69e5950cf8339c4b96725344c7bdd30) Importer(815301076,1909f56bfc062723c751e8b465ee728b)  -> (artifact id: '4a43d71299bf9a97a872d8ee90ea188f') in 0.021286 seconds
Number of updated asset objects reloaded before import = 0
Number of asset objects unloaded after import = 9
========================================================================
Received Prepare
Begin MonoManager ReloadAssembly
- Loaded All Assemblies, in  0.957 seconds
Refreshing native plugins compatible for Editor in 3.79 ms, found 3 plugins.
Native extension for WindowsStandalone target not found
Native extension for iOS target not found
Native extension for Android target not found
Native extension for WebGL target not found
[ScriptCompilation] NOT recompiling all scripts because this is an import worker process. Reason to compile was: Define symbols changed
[ScriptCompilation] NOT recompiling all scripts because this is an import worker process. Reason to compile was: Define symbols changed
[ScriptCompilation] NOT recompiling all scripts because this is an import worker process. Reason to compile was: Define symbols changed
[ScriptCompilation] NOT recompiling all scripts because this is an import worker process. Reason to compile was: Define symbols changed
Mono: successfully reloaded assembly
- Finished resetting the current domain, in  7.673 seconds
Domain Reload Profiling: 8627ms
	BeginReloadAssembly (193ms)
		ExecutionOrderSort (0ms)
		DisableScriptedObjects (6ms)
		BackupInstance (0ms)
		ReleaseScriptingObjects (0ms)
		CreateAndSetChildDomain (46ms)
	RebuildCommonClasses (51ms)
	RebuildNativeTypeToScriptingClass (40ms)
	initialDomainReloadingComplete (56ms)
	LoadAllAssembliesAndSetupDomain (614ms)
		LoadAssemblies (597ms)
		RebuildTransferFunctionScriptingTraits (0ms)
		AnalyzeDomain (120ms)
			TypeCache.Refresh (94ms)
				TypeCache.ScanAssembly (80ms)
			ScanForSourceGeneratedMonoScriptInfo (18ms)
			ResolveRequiredComponents (8ms)
	FinalizeReload (7673ms)
		ReleaseScriptCaches (0ms)
		RebuildScriptCaches (0ms)
		SetupLoadedEditorAssemblies (6566ms)
			LogAssemblyErrors (0ms)
			InitializePlatformSupportModulesInManaged (136ms)
			SetLoadedEditorAssemblies (5ms)
			RefreshPlugins (0ms)
			BeforeProcessingInitializeOnLoad (85ms)
			ProcessInitializeOnLoadAttributes (6213ms)
			ProcessInitializeOnLoadMethodAttributes (117ms)
			AfterProcessingInitializeOnLoad (10ms)
			EditorAssembliesLoaded (0ms)
		ExecutionOrderSort2 (0ms)
		AwakeInstancesAfterBackupRestoration (8ms)
Refreshing native plugins compatible for Editor in 5.93 ms, found 3 plugins.
Preloading 0 native plugins for Editor in 0.00 ms.
Unloading 3338 Unused Serialized files (Serialized files now loaded: 0)
Unloading 28 unused Assets / (57.4 KB). Loaded Objects now: 3818.
Memory consumption went from 138.2 MB to 138.2 MB.
Total: 5.136900 ms (FindLiveObjects: 0.391100 ms CreateObjectMapping: 0.350900 ms MarkObjects: 4.260300 ms  DeleteObjects: 0.132900 ms)

Prepare: number of updated asset objects reloaded= 0
AssetImportParameters requested are different than current active one (requested -> active):
  custom:container-demuxer-ogg: 62fdf1f143b41e24485cea50d1cbac27 -> 
  custom:video-decoder-ogg-theora: a1e56fd34408186e4bbccfd4996cb3dc -> 
  custom:framework-win-MediaFoundation: 216162199b28c13a410421893ffa2e32 -> 
  custom:CustomObjectIndexerAttribute: 43b350a4d6e6d1791af0b5038c4bea17 -> 
  custom:container-demuxer-webm: 4f35f7cbe854078d1ac9338744f61a02 -> 
  custom:container-muxer-webm: aa71ff27fc2769a1b78a27578f13a17b -> 
  custom:video-decoder-webm-vp8: 9c59270c3fd7afecdb556c50c9e8de78 -> 
  custom:SearchIndexIgnoredProperties: e643bd26f0fe6173181afceb89e7c659 -> 
  custom:AudioImporter_EditorPlatform: d09bf68614088b80899f8185d706f6e7 -> 
  custom:video-encoder-webm-vp8: eb34c28f22e8b96e1ab97ce403110664 -> 
  custom:audio-decoder-ogg-vorbis: bf7c407c2cedff20999df2af8eb42d56 -> 
  custom:audio-encoder-webm-vorbis: bf7c407c2cedff20999df2af8eb42d56 -> 
========================================================================
Received Prepare
Begin MonoManager ReloadAssembly
- Loaded All Assemblies, in  0.612 seconds
Refreshing native plugins compatible for Editor in 3.00 ms, found 3 plugins.
Native extension for WindowsStandalone target not found
Native extension for iOS target not found
Native extension for Android target not found
Native extension for WebGL target not found
Mono: successfully reloaded assembly
- Finished resetting the current domain, in  1.021 seconds
Domain Reload Profiling: 1630ms
	BeginReloadAssembly (188ms)
		ExecutionOrderSort (0ms)
		DisableScriptedObjects (6ms)
		BackupInstance (0ms)
		ReleaseScriptingObjects (0ms)
		CreateAndSetChildDomain (40ms)
	RebuildCommonClasses (38ms)
	RebuildNativeTypeToScriptingClass (12ms)
	initialDomainReloadingComplete (30ms)
	LoadAllAssembliesAndSetupDomain (341ms)
		LoadAssemblies (345ms)
		RebuildTransferFunctionScriptingTraits (0ms)
		AnalyzeDomain (103ms)
			TypeCache.Refresh (82ms)
				TypeCache.ScanAssembly (70ms)
			ScanForSourceGeneratedMonoScriptInfo (14ms)
			ResolveRequiredComponents (7ms)
	FinalizeReload (1022ms)
		ReleaseScriptCaches (0ms)
		RebuildScriptCaches (0ms)
		SetupLoadedEditorAssemblies (562ms)
			LogAssemblyErrors (0ms)
			InitializePlatformSupportModulesInManaged (42ms)
			SetLoadedEditorAssemblies (4ms)
			RefreshPlugins (0ms)
			BeforeProcessingInitializeOnLoad (68ms)
			ProcessInitializeOnLoadAttributes (416ms)
			ProcessInitializeOnLoadMethodAttributes (26ms)
			AfterProcessingInitializeOnLoad (7ms)
			EditorAssembliesLoaded (0ms)
		ExecutionOrderSort2 (0ms)
		AwakeInstancesAfterBackupRestoration (8ms)
Refreshing native plugins compatible for Editor in 2.97 ms, found 3 plugins.
Preloading 0 native plugins for Editor in 0.00 ms.
Unloading 3339 Unused Serialized files (Serialized files now loaded: 0)
Unloading 28 unused Assets / (57.4 KB). Loaded Objects now: 3822.
Memory consumption went from 140.4 MB to 140.4 MB.
Total: 3.100100 ms (FindLiveObjects: 0.289300 ms CreateObjectMapping: 0.341900 ms MarkObjects: 2.371400 ms  DeleteObjects: 0.083800 ms)

Prepare: number of updated asset objects reloaded= 0
AssetImportParameters requested are different than current active one (requested -> active):
  custom:container-demuxer-ogg: 62fdf1f143b41e24485cea50d1cbac27 -> 
  custom:video-decoder-ogg-theora: a1e56fd34408186e4bbccfd4996cb3dc -> 
  custom:framework-win-MediaFoundation: 216162199b28c13a410421893ffa2e32 -> 
  custom:CustomObjectIndexerAttribute: 43b350a4d6e6d1791af0b5038c4bea17 -> 
  custom:container-demuxer-webm: 4f35f7cbe854078d1ac9338744f61a02 -> 
  custom:container-muxer-webm: aa71ff27fc2769a1b78a27578f13a17b -> 
  custom:video-decoder-webm-vp8: 9c59270c3fd7afecdb556c50c9e8de78 -> 
  custom:SearchIndexIgnoredProperties: e643bd26f0fe6173181afceb89e7c659 -> 
  custom:AudioImporter_EditorPlatform: d09bf68614088b80899f8185d706f6e7 -> 
  custom:video-encoder-webm-vp8: eb34c28f22e8b96e1ab97ce403110664 -> 
  custom:audio-decoder-ogg-vorbis: bf7c407c2cedff20999df2af8eb42d56 -> 
  custom:audio-encoder-webm-vorbis: bf7c407c2cedff20999df2af8eb42d56 -> 
========================================================================
Received Import Request.
  Time since last request: 2457.979735 seconds.
  path: Assets/Photon
  artifactKey: Guid(98951132346795f438babe7a3183da43) Importer(815301076,1909f56bfc062723c751e8b465ee728b)
Start importing Assets/Photon using Guid(98951132346795f438babe7a3183da43) Importer(815301076,1909f56bfc062723c751e8b465ee728b)  -> (artifact id: '474a2ad4c0596a5e16666dc7ba878bb0') in 0.002252 seconds
Number of updated asset objects reloaded before import = 0
Number of asset objects unloaded after import = 0
========================================================================
Received Import Request.
  Time since last request: 26.881480 seconds.
  path: Assets/Scenes
  artifactKey: Guid(67f0ea078df3ee747a34c48e1bcbfc0a) Importer(815301076,1909f56bfc062723c751e8b465ee728b)
Start importing Assets/Scenes using Guid(67f0ea078df3ee747a34c48e1bcbfc0a) Importer(815301076,1909f56bfc062723c751e8b465ee728b)  -> (artifact id: 'd13b925997eacba80cddb41bc30245d9') in 0.000422 seconds
Number of updated asset objects reloaded before import = 0
Number of asset objects unloaded after import = 0
========================================================================
Received Import Request.
  Time since last request: 0.566106 seconds.
  path: Assets/Scenes/SampleScene.unity
  artifactKey: Guid(9fc0d4010bbf28b4594072e72b8655ab) Importer(815301076,1909f56bfc062723c751e8b465ee728b)
Start importing Assets/Scenes/SampleScene.unity using Guid(9fc0d4010bbf28b4594072e72b8655ab) Importer(815301076,1909f56bfc062723c751e8b465ee728b)  -> (artifact id: 'a85bec50c8be757587fedfaade313866') in 0.000430 seconds
Number of updated asset objects reloaded before import = 0
Number of asset objects unloaded after import = 0
========================================================================
Received Import Request.
  Time since last request: 3.783698 seconds.
  path: Assets/Scenes/Login.unity
  artifactKey: Guid(9fc0d4010bbf28b4594072e72b8655ab) Importer(815301076,1909f56bfc062723c751e8b465ee728b)
Start importing Assets/Scenes/Login.unity using Guid(9fc0d4010bbf28b4594072e72b8655ab) Importer(815301076,1909f56bfc062723c751e8b465ee728b)  -> (artifact id: 'c0eb3dbb30f44039ca5c81e00b73f036') in 0.000577 seconds
Number of updated asset objects reloaded before import = 0
Number of asset objects unloaded after import = 0
========================================================================
Received Prepare
Begin MonoManager ReloadAssembly
- Loaded All Assemblies, in  0.711 seconds
Refreshing native plugins compatible for Editor in 3.39 ms, found 3 plugins.
Native extension for WindowsStandalone target not found
Native extension for iOS target not found
Native extension for Android target not found
Native extension for WebGL target not found
직렬화된 에셋 생성은 프로세스 밖에서 임포트하는 동안 지원되지 않음
UnityEngine.StackTraceUtility:ExtractStackTrace ()
PlayFab.PfEditor.PlayFabEditorPrefsSO:get_Instance () (at Assets/PlayFabEditorExtensions/Editor/Scripts/Utils/PlayFabEditorPrefsSO.cs:37)
PlayFab.PfEditor.PlayFabEditor/Startup:.cctor () (at Assets/PlayFabEditorExtensions/Editor/PlayFabEditor.cs:97)
System.Runtime.CompilerServices.RuntimeHelpers:RunClassConstructor (System.RuntimeTypeHandle)
UnityEditor.EditorAssemblies:ProcessInitializeOnLoadAttributes (System.Type[])

[Assets/PlayFabEditorExtensions/Editor/Scripts/Utils/PlayFabEditorPrefsSO.cs line 37]

UnityEngine.UnityException: Creating asset at path Assets/PlayFabEditorExtensions/Editor/Resources/PlayFabEditorPrefsSO.asset failed.
  at (wrapper managed-to-native) UnityEditor.AssetDatabase.CreateAsset(UnityEngine.Object,string)
  at PlayFab.PfEditor.PlayFabEditorPrefsSO.get_Instance () [0x00084] in C:\Users\test1\Desktop\Fortress\Assets\PlayFabEditorExtensions\Editor\Scripts\Utils\PlayFabEditorPrefsSO.cs:37 
  at PlayFab.PfEditor.PlayFabEditor+Startup..cctor () [0x00000] in C:\Users\test1\Desktop\Fortress\Assets\PlayFabEditorExtensions\Editor\PlayFabEditor.cs:97 
UnityEngine.StackTraceUtility:ExtractStackTrace ()
UnityEngine.DebugLogHandler:LogFormat (UnityEngine.LogType,UnityEngine.Object,string,object[])
UnityEngine.Logger:Log (UnityEngine.LogType,object)
UnityEngine.Debug:LogError (object)
UnityEditor.EditorAssemblies:ProcessInitializeOnLoadAttributes (System.Type[])

Mono: successfully reloaded assembly
- Finished resetting the current domain, in  1.727 seconds
Domain Reload Profiling: 2435ms
	BeginReloadAssembly (188ms)
		ExecutionOrderSort (0ms)
		DisableScriptedObjects (6ms)
		BackupInstance (0ms)
		ReleaseScriptingObjects (0ms)
		CreateAndSetChildDomain (50ms)
	RebuildCommonClasses (36ms)
	RebuildNativeTypeToScriptingClass (13ms)
	initialDomainReloadingComplete (37ms)
	LoadAllAssembliesAndSetupDomain (432ms)
		LoadAssemblies (373ms)
		RebuildTransferFunctionScriptingTraits (0ms)
		AnalyzeDomain (154ms)
			TypeCache.Refresh (131ms)
				TypeCache.ScanAssembly (112ms)
			ScanForSourceGeneratedMonoScriptInfo (13ms)
			ResolveRequiredComponents (9ms)
	FinalizeReload (1728ms)
		ReleaseScriptCaches (0ms)
		RebuildScriptCaches (0ms)
		SetupLoadedEditorAssemblies (1163ms)
			LogAssemblyErrors (0ms)
			InitializePlatformSupportModulesInManaged (46ms)
			SetLoadedEditorAssemblies (4ms)
			RefreshPlugins (0ms)
			BeforeProcessingInitializeOnLoad (73ms)
			ProcessInitializeOnLoadAttributes (1004ms)
			ProcessInitializeOnLoadMethodAttributes (31ms)
			AfterProcessingInitializeOnLoad (6ms)
			EditorAssembliesLoaded (0ms)
		ExecutionOrderSort2 (0ms)
		AwakeInstancesAfterBackupRestoration (9ms)
Refreshing native plugins compatible for Editor in 3.52 ms, found 3 plugins.
Preloading 0 native plugins for Editor in 0.00 ms.
Unloading 3366 Unused Serialized files (Serialized files now loaded: 0)
Unloading 35 unused Assets / (61.2 KB). Loaded Objects now: 3849.
Memory consumption went from 144.0 MB to 143.9 MB.
Total: 3.617400 ms (FindLiveObjects: 0.310800 ms CreateObjectMapping: 0.326000 ms MarkObjects: 2.847100 ms  DeleteObjects: 0.131900 ms)

Prepare: number of updated asset objects reloaded= 0
AssetImportParameters requested are different than current active one (requested -> active):
  custom:container-demuxer-ogg: 62fdf1f143b41e24485cea50d1cbac27 -> 
  custom:video-decoder-ogg-theora: a1e56fd34408186e4bbccfd4996cb3dc -> 
  custom:framework-win-MediaFoundation: 216162199b28c13a410421893ffa2e32 -> 
  custom:CustomObjectIndexerAttribute: 43b350a4d6e6d1791af0b5038c4bea17 -> 
  custom:container-demuxer-webm: 4f35f7cbe854078d1ac9338744f61a02 -> 
  custom:container-muxer-webm: aa71ff27fc2769a1b78a27578f13a17b -> 
  custom:video-decoder-webm-vp8: 9c59270c3fd7afecdb556c50c9e8de78 -> 
  custom:SearchIndexIgnoredProperties: e643bd26f0fe6173181afceb89e7c659 -> 
  custom:AudioImporter_EditorPlatform: d09bf68614088b80899f8185d706f6e7 -> 
  custom:video-encoder-webm-vp8: eb34c28f22e8b96e1ab97ce403110664 -> 
  custom:audio-decoder-ogg-vorbis: bf7c407c2cedff20999df2af8eb42d56 -> 
  custom:audio-encoder-webm-vorbis: bf7c407c2cedff20999df2af8eb42d56 -> 
========================================================================
Received Prepare
Begin MonoManager ReloadAssembly
- Loaded All Assemblies, in  0.546 seconds
Refreshing native plugins compatible for Editor in 5.63 ms, found 3 plugins.
Native extension for WindowsStandalone target not found
Native extension for iOS target not found
Native extension for Android target not found
Native extension for WebGL target not found
Mono: successfully reloaded assembly
- Finished resetting the current domain, in  1.450 seconds
Domain Reload Profiling: 1993ms
	BeginReloadAssembly (172ms)
		ExecutionOrderSort (0ms)
		DisableScriptedObjects (5ms)
		BackupInstance (0ms)
		ReleaseScriptingObjects (0ms)
		CreateAndSetChildDomain (46ms)
	RebuildCommonClasses (35ms)
	RebuildNativeTypeToScriptingClass (14ms)
	initialDomainReloadingComplete (31ms)
	LoadAllAssembliesAndSetupDomain (290ms)
		LoadAssemblies (331ms)
		RebuildTransferFunctionScriptingTraits (0ms)
		AnalyzeDomain (49ms)
			TypeCache.Refresh (20ms)
				TypeCache.ScanAssembly (9ms)
			ScanForSourceGeneratedMonoScriptInfo (14ms)
			ResolveRequiredComponents (14ms)
	FinalizeReload (1450ms)
		ReleaseScriptCaches (0ms)
		RebuildScriptCaches (0ms)
		SetupLoadedEditorAssemblies (967ms)
			LogAssemblyErrors (0ms)
			InitializePlatformSupportModulesInManaged (48ms)
			SetLoadedEditorAssemblies (4ms)
			RefreshPlugins (0ms)
			BeforeProcessingInitializeOnLoad (83ms)
			ProcessInitializeOnLoadAttributes (799ms)
			ProcessInitializeOnLoadMethodAttributes (24ms)
			AfterProcessingInitializeOnLoad (8ms)
			EditorAssembliesLoaded (0ms)
		ExecutionOrderSort2 (0ms)
		AwakeInstancesAfterBackupRestoration (9ms)
Refreshing native plugins compatible for Editor in 4.09 ms, found 3 plugins.
Preloading 0 native plugins for Editor in 0.00 ms.
Unloading 3464 Unused Serialized files (Serialized files now loaded: 0)
Unloading 35 unused Assets / (60.6 KB). Loaded Objects now: 3953.
Memory consumption went from 148.0 MB to 148.0 MB.
Total: 4.057400 ms (FindLiveObjects: 0.278800 ms CreateObjectMapping: 0.274700 ms MarkObjects: 3.403300 ms  DeleteObjects: 0.099200 ms)

Prepare: number of updated asset objects reloaded= 0
AssetImportParameters requested are different than current active one (requested -> active):
  custom:container-demuxer-ogg: 62fdf1f143b41e24485cea50d1cbac27 -> 
  custom:video-decoder-ogg-theora: a1e56fd34408186e4bbccfd4996cb3dc -> 
  custom:framework-win-MediaFoundation: 216162199b28c13a410421893ffa2e32 -> 
  custom:CustomObjectIndexerAttribute: 43b350a4d6e6d1791af0b5038c4bea17 -> 
  custom:container-demuxer-webm: 4f35f7cbe854078d1ac9338744f61a02 -> 
  custom:container-muxer-webm: aa71ff27fc2769a1b78a27578f13a17b -> 
  custom:video-decoder-webm-vp8: 9c59270c3fd7afecdb556c50c9e8de78 -> 
  custom:SearchIndexIgnoredProperties: e643bd26f0fe6173181afceb89e7c659 -> 
  custom:AudioImporter_EditorPlatform: d09bf68614088b80899f8185d706f6e7 -> 
  custom:video-encoder-webm-vp8: eb34c28f22e8b96e1ab97ce403110664 -> 
  custom:audio-decoder-ogg-vorbis: bf7c407c2cedff20999df2af8eb42d56 -> 
  custom:audio-encoder-webm-vorbis: bf7c407c2cedff20999df2af8eb42d56 -> 
